Started GET "/" for ::1 at 2023-02-11 14:26:04 -0800
Processing by MainController#home as HTML
  Rendering layout layouts/application.html.erb
  Rendering main/home.html.erb within layouts/application
  Rendered main/home.html.erb within layouts/application (Duration: 1.0ms | Allocations: 570)
  Rendered layout layouts/application.html.erb (Duration: 126.2ms | Allocations: 99716)
Completed 200 OK in 135ms (Views: 129.4ms | ActiveRecord: 0.0ms | Allocations: 107012)


  [1m[35m (1.0ms)[0m  [1m[35mCREATE TABLE "schema_migrations" ("version" varchar NOT NULL PRIMARY KEY)[0m
  [1m[35m (0.3ms)[0m  [1m[35mCREATE TABLE "ar_internal_metadata" ("key" varchar NOT NULL PRIMARY KEY, "value" varchar, "created_at" datetime(6) NOT NULL, "updated_at" datetime(6) NOT NULL)[0m
  [1m[36mActiveRecord::SchemaMigration Pluck (0.1ms)[0m  [1m[34mSELECT "schema_migrations"."version" FROM "schema_migrations" ORDER BY "schema_migrations"."version" ASC[0m
Migrating to DeviseCreateInstalls (20230211223300)
  [1m[36mTRANSACTION (0.0ms)[0m  [1m[36mbegin transaction[0m
  [1m[35m (0.2ms)[0m  [1m[35mCREATE TABLE "installs" ("id" integer PRIMARY KEY AUTOINCREMENT NOT NULL, "email" varchar DEFAULT '' NOT NULL, "encrypted_password" varchar DEFAULT '' NOT NULL, "reset_password_token" varchar, "reset_password_sent_at" datetime(6), "remember_created_at" datetime(6), "created_at" datetime(6) NOT NULL, "updated_at" datetime(6) NOT NULL)[0m
  [1m[35m (0.0ms)[0m  [1m[35mCREATE UNIQUE INDEX "index_installs_on_email" ON "installs" ("email")[0m
  [1m[35m (0.0ms)[0m  [1m[35mCREATE UNIQUE INDEX "index_installs_on_reset_password_token" ON "installs" ("reset_password_token")[0m
  [1m[36mActiveRecord::SchemaMigration Create (0.1ms)[0m  [1m[32mINSERT INTO "schema_migrations" ("version") VALUES (?)[0m  [["version", "20230211223300"]]
  [1m[36mTRANSACTION (0.7ms)[0m  [1m[36mcommit transaction[0m
  [1m[36mActiveRecord::InternalMetadata Load (0.0ms)[0m  [1m[34mSELECT "ar_internal_metadata".* FROM "ar_internal_metadata" WHERE "ar_internal_metadata"."key" = ? LIMIT ?[0m  [["key", "environment"], ["LIMIT", 1]]
  [1m[36mTRANSACTION (0.0ms)[0m  [1m[36mbegin transaction[0m
  [1m[36mActiveRecord::InternalMetadata Create (0.1ms)[0m  [1m[32mINSERT INTO "ar_internal_metadata" ("key", "value", "created_at", "updated_at") VALUES (?, ?, ?, ?)[0m  [["key", "environment"], ["value", "development"], ["created_at", "2023-02-11 22:47:16.040955"], ["updated_at", "2023-02-11 22:47:16.040955"]]
  [1m[36mTRANSACTION (0.3ms)[0m  [1m[36mcommit transaction[0m
  [1m[36mActiveRecord::SchemaMigration Pluck (0.0ms)[0m  [1m[34mSELECT "schema_migrations"."version" FROM "schema_migrations" ORDER BY "schema_migrations"."version" ASC[0m
  [1m[36mActiveRecord::InternalMetadata Load (0.1ms)[0m  [1m[34mSELECT "ar_internal_metadata".* FROM "ar_internal_metadata" WHERE "ar_internal_metadata"."key" = ? LIMIT ?[0m  [["key", "environment"], ["LIMIT", 1]]
  [1m[36mActiveRecord::SchemaMigration Pluck (0.0ms)[0m  [1m[34mSELECT "schema_migrations"."version" FROM "schema_migrations" ORDER BY "schema_migrations"."version" ASC[0m
  [1m[36mActiveRecord::SchemaMigration Pluck (0.1ms)[0m  [1m[34mSELECT "schema_migrations"."version" FROM "schema_migrations" ORDER BY "schema_migrations"."version" ASC[0m
Migrating to DeviseCreateUsers (20230211225552)
  [1m[36mTRANSACTION (0.0ms)[0m  [1m[36mbegin transaction[0m
  [1m[35m (0.2ms)[0m  [1m[35mCREATE TABLE "users" ("id" integer PRIMARY KEY AUTOINCREMENT NOT NULL, "email" varchar DEFAULT '' NOT NULL, "encrypted_password" varchar DEFAULT '' NOT NULL, "reset_password_token" varchar, "reset_password_sent_at" datetime(6), "remember_created_at" datetime(6), "created_at" datetime(6) NOT NULL, "updated_at" datetime(6) NOT NULL)[0m
  [1m[35m (0.0ms)[0m  [1m[35mCREATE UNIQUE INDEX "index_users_on_email" ON "users" ("email")[0m
  [1m[35m (0.0ms)[0m  [1m[35mCREATE UNIQUE INDEX "index_users_on_reset_password_token" ON "users" ("reset_password_token")[0m
  [1m[36mActiveRecord::SchemaMigration Create (0.1ms)[0m  [1m[32mINSERT INTO "schema_migrations" ("version") VALUES (?)[0m  [["version", "20230211225552"]]
  [1m[36mTRANSACTION (0.6ms)[0m  [1m[36mcommit transaction[0m
  [1m[36mActiveRecord::InternalMetadata Load (0.2ms)[0m  [1m[34mSELECT "ar_internal_metadata".* FROM "ar_internal_metadata" WHERE "ar_internal_metadata"."key" = ? LIMIT ?[0m  [["key", "environment"], ["LIMIT", 1]]
  [1m[36mActiveRecord::SchemaMigration Pluck (0.0ms)[0m  [1m[34mSELECT "schema_migrations"."version" FROM "schema_migrations" ORDER BY "schema_migrations"."version" ASC[0m
  [1m[36mActiveRecord::SchemaMigration Pluck (0.1ms)[0m  [1m[34mSELECT "schema_migrations"."version" FROM "schema_migrations" ORDER BY "schema_migrations"."version" ASC[0m
Migrating to DropInstalls (20230211225713)
  [1m[36mTRANSACTION (0.0ms)[0m  [1m[36mbegin transaction[0m
  [1m[35m (0.7ms)[0m  [1m[35mDROP TABLE "installs"[0m
  [1m[36mActiveRecord::SchemaMigration Create (0.1ms)[0m  [1m[32mINSERT INTO "schema_migrations" ("version") VALUES (?)[0m  [["version", "20230211225713"]]
  [1m[36mTRANSACTION (0.2ms)[0m  [1m[36mcommit transaction[0m
  [1m[36mActiveRecord::InternalMetadata Load (0.0ms)[0m  [1m[34mSELECT "ar_internal_metadata".* FROM "ar_internal_metadata" WHERE "ar_internal_metadata"."key" = ? LIMIT ?[0m  [["key", "environment"], ["LIMIT", 1]]
  [1m[36mActiveRecord::SchemaMigration Pluck (0.0ms)[0m  [1m[34mSELECT "schema_migrations"."version" FROM "schema_migrations" ORDER BY "schema_migrations"."version" ASC[0m
Started GET "/" for ::1 at 2023-02-11 14:59:05 -0800
  [1m[36mActiveRecord::SchemaMigration Pluck (0.1ms)[0m  [1m[34mSELECT "schema_migrations"."version" FROM "schema_migrations" ORDER BY "schema_migrations"."version" ASC[0m
Processing by MainController#home as HTML
  Rendering layout layouts/application.html.erb
  Rendering main/home.html.erb within layouts/application
  Rendered main/home.html.erb within layouts/application (Duration: 0.7ms | Allocations: 461)
  Rendered layout layouts/application.html.erb (Duration: 23.4ms | Allocations: 36449)
Completed 200 OK in 30ms (Views: 25.4ms | ActiveRecord: 0.0ms | Allocations: 42589)


Started GET "/" for ::1 at 2023-02-11 15:01:57 -0800
Processing by MainController#home as HTML
  Rendering layout layouts/application.html.erb
  Rendering main/home.html.erb within layouts/application
  Rendered main/home.html.erb within layouts/application (Duration: 1.0ms | Allocations: 143)
  Rendered layouts/_navbar.html.erb (Duration: 0.5ms | Allocations: 115)
  Rendered layout layouts/application.html.erb (Duration: 12.3ms | Allocations: 3863)
Completed 200 OK in 24ms (Views: 20.0ms | ActiveRecord: 0.0ms | Allocations: 5062)


Started GET "/" for ::1 at 2023-02-11 15:03:31 -0800
Processing by MainController#home as HTML
  Rendering layout layouts/application.html.erb
  Rendering main/home.html.erb within layouts/application
  Rendered main/home.html.erb within layouts/application (Duration: 1.4ms | Allocations: 140)
  Rendered layouts/_navbar.html.erb (Duration: 3.0ms | Allocations: 669)
  Rendered layout layouts/application.html.erb (Duration: 17.7ms | Allocations: 4372)
Completed 200 OK in 29ms (Views: 26.7ms | ActiveRecord: 0.0ms | Allocations: 5538)


Started GET "/" for ::1 at 2023-02-11 15:06:22 -0800
Processing by MainController#home as HTML
  Rendering layout layouts/application.html.erb
  Rendering main/home.html.erb within layouts/application
  Rendered main/home.html.erb within layouts/application (Duration: 0.1ms | Allocations: 7)
  Rendered layouts/_navbar.html.erb (Duration: 0.7ms | Allocations: 169)
  Rendered layout layouts/application.html.erb (Duration: 23.7ms | Allocations: 6972)
Completed 200 OK in 28ms (Views: 24.7ms | Allocations: 7310)


  
ActionController::RoutingError (No route matches [GET] "/bootstrap/scss/bootstrap"):
  
  
ActionController::RoutingError (No route matches [GET] "/bootstrap-icons/font/bootstrap-icons"):
  
Started GET "/" for ::1 at 2023-02-11 15:06:24 -0800
Processing by MainController#home as HTML
  Rendering layout layouts/application.html.erb
  Rendering main/home.html.erb within layouts/application
  Rendered main/home.html.erb within layouts/application (Duration: 0.1ms | Allocations: 7)
  Rendered layouts/_navbar.html.erb (Duration: 0.4ms | Allocations: 200)
  Rendered layout layouts/application.html.erb (Duration: 8.7ms | Allocations: 3352)
Completed 200 OK in 11ms (Views: 9.3ms | Allocations: 3702)


  
ActionController::RoutingError (No route matches [GET] "/bootstrap/scss/bootstrap"):
  
  
ActionController::RoutingError (No route matches [GET] "/bootstrap-icons/font/bootstrap-icons"):
  
Started GET "/users/sign_up" for ::1 at 2023-02-11 15:06:28 -0800
Processing by Devise::RegistrationsController#new as HTML
  Rendering layout layouts/application.html.erb
  Rendering devise/registrations/new.html.erb within layouts/application
  Rendered devise/shared/_error_messages.html.erb (Duration: 0.7ms | Allocations: 297)
  Rendered devise/shared/_links.html.erb (Duration: 0.9ms | Allocations: 786)
  Rendered devise/registrations/new.html.erb within layouts/application (Duration: 27.1ms | Allocations: 8690)
  Rendered layouts/_navbar.html.erb (Duration: 0.2ms | Allocations: 161)
  Rendered layout layouts/application.html.erb (Duration: 30.6ms | Allocations: 11585)
Completed 200 OK in 47ms (Views: 32.7ms | ActiveRecord: 0.9ms | Allocations: 31188)


  
ActionController::RoutingError (No route matches [GET] "/bootstrap/scss/bootstrap"):
  
  
ActionController::RoutingError (No route matches [GET] "/bootstrap-icons/font/bootstrap-icons"):
  
Started GET "/users/sign_in" for ::1 at 2023-02-11 15:06:32 -0800
Processing by Devise::SessionsController#new as HTML
  Rendering layout layouts/application.html.erb
  Rendering devise/sessions/new.html.erb within layouts/application
  Rendered devise/shared/_links.html.erb (Duration: 1.1ms | Allocations: 499)
  Rendered devise/sessions/new.html.erb within layouts/application (Duration: 6.9ms | Allocations: 3060)
  Rendered layouts/_navbar.html.erb (Duration: 0.2ms | Allocations: 161)
  Rendered layout layouts/application.html.erb (Duration: 10.4ms | Allocations: 5946)
Completed 200 OK in 15ms (Views: 11.7ms | ActiveRecord: 0.0ms | Allocations: 8429)


  
ActionController::RoutingError (No route matches [GET] "/bootstrap-icons/font/bootstrap-icons"):
  
  
ActionController::RoutingError (No route matches [GET] "/bootstrap/scss/bootstrap"):
  
Started GET "/users/sign_up" for ::1 at 2023-02-11 15:06:34 -0800
Processing by Devise::RegistrationsController#new as HTML
  Rendering layout layouts/application.html.erb
  Rendering devise/registrations/new.html.erb within layouts/application
  Rendered devise/shared/_error_messages.html.erb (Duration: 0.1ms | Allocations: 15)
  Rendered devise/shared/_links.html.erb (Duration: 0.3ms | Allocations: 82)
  Rendered devise/registrations/new.html.erb within layouts/application (Duration: 3.1ms | Allocations: 1249)
  Rendered layouts/_navbar.html.erb (Duration: 0.3ms | Allocations: 130)
  Rendered layout layouts/application.html.erb (Duration: 16.2ms | Allocations: 3946)
Completed 200 OK in 19ms (Views: 16.9ms | ActiveRecord: 0.0ms | Allocations: 4809)


  
ActionController::RoutingError (No route matches [GET] "/bootstrap/scss/bootstrap"):
  
  
ActionController::RoutingError (No route matches [GET] "/bootstrap-icons/font/bootstrap-icons"):
  
Started GET "/users/sign_up" for ::1 at 2023-02-11 15:07:11 -0800
Processing by Devise::RegistrationsController#new as HTML
  Rendering layout layouts/application.html.erb
  Rendering devise/registrations/new.html.erb within layouts/application
  Rendered devise/shared/_error_messages.html.erb (Duration: 0.2ms | Allocations: 14)
  Rendered devise/shared/_links.html.erb (Duration: 1.5ms | Allocations: 82)
  Rendered devise/registrations/new.html.erb within layouts/application (Duration: 6.0ms | Allocations: 1236)
  Rendered layout layouts/application.html.erb (Duration: 13.6ms | Allocations: 3551)
Completed 500 Internal Server Error in 20ms (ActiveRecord: 0.0ms | Allocations: 4350)


  
ActionView::Template::Error (The asset "application.css" is not present in the asset pipeline.
):
     5:     <meta name="viewport" content="width=device-width,initial-scale=1">
     6:     <%= csrf_meta_tags %>
     7:     <%= csp_meta_tag %>
     8:     <%= stylesheet_link_tag "application", "data-turbo-track": "reload" %>
     9:     <%= javascript_include_tag "application", "data-turbo-track": "reload", defer: true %>
    10:   </head>
    11:   <body>
  
app/views/layouts/application.html.erb:8
Started GET "/users/sign_up" for ::1 at 2023-02-11 15:07:14 -0800
Processing by Devise::RegistrationsController#new as HTML
  Rendering layout layouts/application.html.erb
  Rendering devise/registrations/new.html.erb within layouts/application
  Rendered devise/shared/_error_messages.html.erb (Duration: 0.0ms | Allocations: 14)
  Rendered devise/shared/_links.html.erb (Duration: 0.3ms | Allocations: 82)
  Rendered devise/registrations/new.html.erb within layouts/application (Duration: 4.0ms | Allocations: 1236)
  Rendered layout layouts/application.html.erb (Duration: 8.1ms | Allocations: 3529)
Completed 500 Internal Server Error in 12ms (ActiveRecord: 0.0ms | Allocations: 4312)


  
ActionView::Template::Error (The asset "application.css" is not present in the asset pipeline.
):
     5:     <meta name="viewport" content="width=device-width,initial-scale=1">
     6:     <%= csrf_meta_tags %>
     7:     <%= csp_meta_tag %>
     8:     <%= stylesheet_link_tag "application", "data-turbo-track": "reload" %>
     9:     <%= javascript_include_tag "application", "data-turbo-track": "reload", defer: true %>
    10:   </head>
    11:   <body>
  
app/views/layouts/application.html.erb:8
Started GET "/users/sign_up" for ::1 at 2023-02-11 15:10:52 -0800
Processing by Devise::RegistrationsController#new as HTML
  Rendering layout layouts/application.html.erb
  Rendering devise/registrations/new.html.erb within layouts/application
  Rendered devise/shared/_error_messages.html.erb (Duration: 0.2ms | Allocations: 14)
  Rendered devise/shared/_links.html.erb (Duration: 0.5ms | Allocations: 82)
  Rendered devise/registrations/new.html.erb within layouts/application (Duration: 10.3ms | Allocations: 1236)
  Rendered layout layouts/application.html.erb (Duration: 16.9ms | Allocations: 3529)
Completed 500 Internal Server Error in 28ms (ActiveRecord: 0.0ms | Allocations: 4309)


  
ActionView::Template::Error (The asset "application.css" is not present in the asset pipeline.
):
     5:     <meta name="viewport" content="width=device-width,initial-scale=1">
     6:     <%= csrf_meta_tags %>
     7:     <%= csp_meta_tag %>
     8:     <%= stylesheet_link_tag "application", "data-turbo-track": "reload" %>
     9:     <%= javascript_include_tag "application", "data-turbo-track": "reload", defer: true %>
    10:   </head>
    11:   <body>
  
app/views/layouts/application.html.erb:8
Started GET "/users/sign_up" for ::1 at 2023-02-11 15:10:53 -0800
Processing by Devise::RegistrationsController#new as HTML
  Rendering layout layouts/application.html.erb
  Rendering devise/registrations/new.html.erb within layouts/application
  Rendered devise/shared/_error_messages.html.erb (Duration: 0.1ms | Allocations: 14)
  Rendered devise/shared/_links.html.erb (Duration: 0.3ms | Allocations: 82)
  Rendered devise/registrations/new.html.erb within layouts/application (Duration: 4.7ms | Allocations: 1236)
  Rendered layout layouts/application.html.erb (Duration: 9.1ms | Allocations: 3529)
Completed 500 Internal Server Error in 12ms (ActiveRecord: 0.0ms | Allocations: 4309)


  
ActionView::Template::Error (The asset "application.css" is not present in the asset pipeline.
):
     5:     <meta name="viewport" content="width=device-width,initial-scale=1">
     6:     <%= csrf_meta_tags %>
     7:     <%= csp_meta_tag %>
     8:     <%= stylesheet_link_tag "application", "data-turbo-track": "reload" %>
     9:     <%= javascript_include_tag "application", "data-turbo-track": "reload", defer: true %>
    10:   </head>
    11:   <body>
  
app/views/layouts/application.html.erb:8
Started GET "/users/sign_up" for ::1 at 2023-02-11 15:13:52 -0800
  [1m[36mActiveRecord::SchemaMigration Pluck (0.1ms)[0m  [1m[34mSELECT "schema_migrations"."version" FROM "schema_migrations" ORDER BY "schema_migrations"."version" ASC[0m
Processing by Devise::RegistrationsController#new as HTML
  Rendering layout layouts/application.html.erb
  Rendering devise/registrations/new.html.erb within layouts/application
  Rendered devise/shared/_error_messages.html.erb (Duration: 0.3ms | Allocations: 302)
  Rendered devise/shared/_links.html.erb (Duration: 0.6ms | Allocations: 792)
  Rendered devise/registrations/new.html.erb within layouts/application (Duration: 6.6ms | Allocations: 6774)
  Rendered layout layouts/application.html.erb (Duration: 8.7ms | Allocations: 10313)
Completed 500 Internal Server Error in 23ms (ActiveRecord: 0.3ms | Allocations: 34997)


  
ActionView::Template::Error (The asset "application.css" is not present in the asset pipeline.
):
     5:     <meta name="viewport" content="width=device-width,initial-scale=1">
     6:     <%= csrf_meta_tags %>
     7:     <%= csp_meta_tag %>
     8:     <%= stylesheet_link_tag "application", "data-turbo-track": "reload" %>
     9:     <%= javascript_include_tag "application", "data-turbo-track": "reload", defer: true %>
    10:   </head>
    11:   <body>
  
app/views/layouts/application.html.erb:8
Started GET "/users/sign_up" for ::1 at 2023-02-11 15:13:52 -0800
Processing by Devise::RegistrationsController#new as HTML
  Rendering layout layouts/application.html.erb
  Rendering devise/registrations/new.html.erb within layouts/application
  Rendered devise/shared/_error_messages.html.erb (Duration: 0.0ms | Allocations: 15)
  Rendered devise/shared/_links.html.erb (Duration: 0.1ms | Allocations: 83)
  Rendered devise/registrations/new.html.erb within layouts/application (Duration: 1.3ms | Allocations: 1344)
  Rendered layout layouts/application.html.erb (Duration: 3.8ms | Allocations: 3701)
Completed 500 Internal Server Error in 5ms (ActiveRecord: 0.0ms | Allocations: 4610)


  
ActionView::Template::Error (The asset "application.css" is not present in the asset pipeline.
):
     5:     <meta name="viewport" content="width=device-width,initial-scale=1">
     6:     <%= csrf_meta_tags %>
     7:     <%= csp_meta_tag %>
     8:     <%= stylesheet_link_tag "application", "data-turbo-track": "reload" %>
     9:     <%= javascript_include_tag "application", "data-turbo-track": "reload", defer: true %>
    10:   </head>
    11:   <body>
  
app/views/layouts/application.html.erb:8
Started GET "/users/sign_up" for ::1 at 2023-02-11 15:13:53 -0800
Processing by Devise::RegistrationsController#new as HTML
  Rendering layout layouts/application.html.erb
  Rendering devise/registrations/new.html.erb within layouts/application
  Rendered devise/shared/_error_messages.html.erb (Duration: 0.1ms | Allocations: 14)
  Rendered devise/shared/_links.html.erb (Duration: 0.3ms | Allocations: 82)
  Rendered devise/registrations/new.html.erb within layouts/application (Duration: 3.0ms | Allocations: 1236)
  Rendered layout layouts/application.html.erb (Duration: 7.6ms | Allocations: 3536)
Completed 500 Internal Server Error in 11ms (ActiveRecord: 0.0ms | Allocations: 4327)


  
ActionView::Template::Error (The asset "application.css" is not present in the asset pipeline.
):
     5:     <meta name="viewport" content="width=device-width,initial-scale=1">
     6:     <%= csrf_meta_tags %>
     7:     <%= csp_meta_tag %>
     8:     <%= stylesheet_link_tag "application", "data-turbo-track": "reload" %>
     9:     <%= javascript_include_tag "application", "data-turbo-track": "reload", defer: true %>
    10:   </head>
    11:   <body>
  
app/views/layouts/application.html.erb:8
Started GET "/users/sign_up" for ::1 at 2023-02-11 15:13:53 -0800
Processing by Devise::RegistrationsController#new as HTML
  Rendering layout layouts/application.html.erb
  Rendering devise/registrations/new.html.erb within layouts/application
  Rendered devise/shared/_error_messages.html.erb (Duration: 0.0ms | Allocations: 14)
  Rendered devise/shared/_links.html.erb (Duration: 0.1ms | Allocations: 82)
  Rendered devise/registrations/new.html.erb within layouts/application (Duration: 0.8ms | Allocations: 1236)
  Rendered layout layouts/application.html.erb (Duration: 1.8ms | Allocations: 3532)
Completed 500 Internal Server Error in 3ms (ActiveRecord: 0.0ms | Allocations: 4312)


  
ActionView::Template::Error (The asset "application.css" is not present in the asset pipeline.
):
     5:     <meta name="viewport" content="width=device-width,initial-scale=1">
     6:     <%= csrf_meta_tags %>
     7:     <%= csp_meta_tag %>
     8:     <%= stylesheet_link_tag "application", "data-turbo-track": "reload" %>
     9:     <%= javascript_include_tag "application", "data-turbo-track": "reload", defer: true %>
    10:   </head>
    11:   <body>
  
app/views/layouts/application.html.erb:8
Started GET "/users/sign_up" for ::1 at 2023-02-11 15:15:26 -0800
Processing by Devise::RegistrationsController#new as HTML
  Rendering layout layouts/application.html.erb
  Rendering devise/registrations/new.html.erb within layouts/application
  Rendered devise/shared/_error_messages.html.erb (Duration: 0.1ms | Allocations: 14)
  Rendered devise/shared/_links.html.erb (Duration: 0.7ms | Allocations: 82)
  Rendered devise/registrations/new.html.erb within layouts/application (Duration: 4.5ms | Allocations: 1236)
  Rendered layout layouts/application.html.erb (Duration: 11.7ms | Allocations: 3536)
Completed 500 Internal Server Error in 22ms (ActiveRecord: 0.0ms | Allocations: 4327)


  
ActionView::Template::Error (The asset "application.css" is not present in the asset pipeline.
):
     5:     <meta name="viewport" content="width=device-width,initial-scale=1">
     6:     <%= csrf_meta_tags %>
     7:     <%= csp_meta_tag %>
     8:     <%= stylesheet_link_tag "application", "data-turbo-track": "reload" %>
     9:     <%= javascript_include_tag "application", "data-turbo-track": "reload", defer: true %>
    10:   </head>
    11:   <body>
  
app/views/layouts/application.html.erb:8
Started GET "/users/sign_up" for ::1 at 2023-02-11 15:15:27 -0800
Processing by Devise::RegistrationsController#new as HTML
  Rendering layout layouts/application.html.erb
  Rendering devise/registrations/new.html.erb within layouts/application
  Rendered devise/shared/_error_messages.html.erb (Duration: 0.0ms | Allocations: 14)
  Rendered devise/shared/_links.html.erb (Duration: 0.2ms | Allocations: 82)
  Rendered devise/registrations/new.html.erb within layouts/application (Duration: 2.8ms | Allocations: 1236)
  Rendered layout layouts/application.html.erb (Duration: 5.2ms | Allocations: 3536)
Completed 500 Internal Server Error in 9ms (ActiveRecord: 0.0ms | Allocations: 4327)


  
ActionView::Template::Error (The asset "application.css" is not present in the asset pipeline.
):
     5:     <meta name="viewport" content="width=device-width,initial-scale=1">
     6:     <%= csrf_meta_tags %>
     7:     <%= csp_meta_tag %>
     8:     <%= stylesheet_link_tag "application", "data-turbo-track": "reload" %>
     9:     <%= javascript_include_tag "application", "data-turbo-track": "reload", defer: true %>
    10:   </head>
    11:   <body>
  
app/views/layouts/application.html.erb:8
Started GET "/users/sign_up" for ::1 at 2023-02-11 15:17:54 -0800
Processing by Devise::RegistrationsController#new as HTML
  Rendering layout layouts/application.html.erb
  Rendering devise/registrations/new.html.erb within layouts/application
  Rendered devise/shared/_error_messages.html.erb (Duration: 0.6ms | Allocations: 251)
  Rendered devise/shared/_links.html.erb (Duration: 1.6ms | Allocations: 552)
  Rendered devise/registrations/new.html.erb within layouts/application (Duration: 6.2ms | Allocations: 2689)
  Rendered layout layouts/application.html.erb (Duration: 15.2ms | Allocations: 5329)
Completed 500 Internal Server Error in 24ms (ActiveRecord: 0.0ms | Allocations: 7005)


  
ActionView::Template::Error (The asset "application.css" is not present in the asset pipeline.
):
     6:     <%= csrf_meta_tags %>
     7:     <%= csp_meta_tag %>
     8: 
     9:     <%= stylesheet_link_tag "application", "data-turbo-track": "reload" %>
    10:     <%= javascript_importmap_tags %>
    11:   </head>
    12: 
  
app/views/layouts/application.html.erb:9
Started GET "/users/sign_up" for ::1 at 2023-02-11 15:17:54 -0800
Processing by Devise::RegistrationsController#new as HTML
  Rendering layout layouts/application.html.erb
  Rendering devise/registrations/new.html.erb within layouts/application
  Rendered devise/shared/_error_messages.html.erb (Duration: 0.0ms | Allocations: 14)
  Rendered devise/shared/_links.html.erb (Duration: 0.3ms | Allocations: 82)
  Rendered devise/registrations/new.html.erb within layouts/application (Duration: 3.5ms | Allocations: 1236)
  Rendered layout layouts/application.html.erb (Duration: 7.8ms | Allocations: 3534)
Completed 500 Internal Server Error in 10ms (ActiveRecord: 0.0ms | Allocations: 4409)


  
ActionView::Template::Error (The asset "application.css" is not present in the asset pipeline.
):
     6:     <%= csrf_meta_tags %>
     7:     <%= csp_meta_tag %>
     8: 
     9:     <%= stylesheet_link_tag "application", "data-turbo-track": "reload" %>
    10:     <%= javascript_importmap_tags %>
    11:   </head>
    12: 
  
app/views/layouts/application.html.erb:9
Started GET "/users/sign_up" for ::1 at 2023-02-11 15:17:55 -0800
Processing by Devise::RegistrationsController#new as HTML
  Rendering layout layouts/application.html.erb
  Rendering devise/registrations/new.html.erb within layouts/application
  Rendered devise/shared/_error_messages.html.erb (Duration: 0.1ms | Allocations: 14)
  Rendered devise/shared/_links.html.erb (Duration: 0.2ms | Allocations: 82)
  Rendered devise/registrations/new.html.erb within layouts/application (Duration: 3.6ms | Allocations: 1236)
  Rendered layout layouts/application.html.erb (Duration: 6.8ms | Allocations: 3534)
Completed 500 Internal Server Error in 9ms (ActiveRecord: 0.0ms | Allocations: 4314)


  
ActionView::Template::Error (The asset "application.css" is not present in the asset pipeline.
):
     6:     <%= csrf_meta_tags %>
     7:     <%= csp_meta_tag %>
     8: 
     9:     <%= stylesheet_link_tag "application", "data-turbo-track": "reload" %>
    10:     <%= javascript_importmap_tags %>
    11:   </head>
    12: 
  
app/views/layouts/application.html.erb:9
Started GET "/users/sign_up" for ::1 at 2023-02-11 15:18:30 -0800
  [1m[36mActiveRecord::SchemaMigration Pluck (0.0ms)[0m  [1m[34mSELECT "schema_migrations"."version" FROM "schema_migrations" ORDER BY "schema_migrations"."version" ASC[0m
Processing by Devise::RegistrationsController#new as HTML
  Rendering layout layouts/application.html.erb
  Rendering devise/registrations/new.html.erb within layouts/application
  Rendered devise/shared/_error_messages.html.erb (Duration: 0.3ms | Allocations: 302)
  Rendered devise/shared/_links.html.erb (Duration: 0.6ms | Allocations: 792)
  Rendered devise/registrations/new.html.erb within layouts/application (Duration: 7.0ms | Allocations: 6774)
  Rendered layout layouts/application.html.erb (Duration: 8.9ms | Allocations: 10289)
Completed 500 Internal Server Error in 22ms (ActiveRecord: 0.2ms | Allocations: 34969)


  
ActionView::Template::Error (The asset "application.css" is not present in the asset pipeline.
):
     6:     <%= csrf_meta_tags %>
     7:     <%= csp_meta_tag %>
     8: 
     9:     <%= stylesheet_link_tag "application", "data-turbo-track": "reload" %>
    10:     <%= javascript_importmap_tags %>
    11:   </head>
    12: 
  
app/views/layouts/application.html.erb:9
Started GET "/users/sign_up" for ::1 at 2023-02-11 15:18:30 -0800
Processing by Devise::RegistrationsController#new as HTML
  Rendering layout layouts/application.html.erb
  Rendering devise/registrations/new.html.erb within layouts/application
  Rendered devise/shared/_error_messages.html.erb (Duration: 0.0ms | Allocations: 15)
  Rendered devise/shared/_links.html.erb (Duration: 0.1ms | Allocations: 83)
  Rendered devise/registrations/new.html.erb within layouts/application (Duration: 1.4ms | Allocations: 1344)
  Rendered layout layouts/application.html.erb (Duration: 3.0ms | Allocations: 3701)
Completed 500 Internal Server Error in 4ms (ActiveRecord: 0.0ms | Allocations: 4610)


  
ActionView::Template::Error (The asset "application.css" is not present in the asset pipeline.
):
     6:     <%= csrf_meta_tags %>
     7:     <%= csp_meta_tag %>
     8: 
     9:     <%= stylesheet_link_tag "application", "data-turbo-track": "reload" %>
    10:     <%= javascript_importmap_tags %>
    11:   </head>
    12: 
  
app/views/layouts/application.html.erb:9
Started GET "/users/sign_up" for ::1 at 2023-02-11 15:18:31 -0800
Processing by Devise::RegistrationsController#new as HTML
  Rendering layout layouts/application.html.erb
  Rendering devise/registrations/new.html.erb within layouts/application
  Rendered devise/shared/_error_messages.html.erb (Duration: 0.1ms | Allocations: 14)
  Rendered devise/shared/_links.html.erb (Duration: 0.2ms | Allocations: 82)
  Rendered devise/registrations/new.html.erb within layouts/application (Duration: 3.7ms | Allocations: 1236)
  Rendered layout layouts/application.html.erb (Duration: 6.6ms | Allocations: 3532)
Completed 500 Internal Server Error in 9ms (ActiveRecord: 0.0ms | Allocations: 4312)


  
ActionView::Template::Error (The asset "application.css" is not present in the asset pipeline.
):
     6:     <%= csrf_meta_tags %>
     7:     <%= csp_meta_tag %>
     8: 
     9:     <%= stylesheet_link_tag "application", "data-turbo-track": "reload" %>
    10:     <%= javascript_importmap_tags %>
    11:   </head>
    12: 
  
app/views/layouts/application.html.erb:9
Started GET "/users/sign_up" for ::1 at 2023-02-11 15:18:31 -0800
Processing by Devise::RegistrationsController#new as HTML
  Rendering layout layouts/application.html.erb
  Rendering devise/registrations/new.html.erb within layouts/application
  Rendered devise/shared/_error_messages.html.erb (Duration: 0.1ms | Allocations: 14)
  Rendered devise/shared/_links.html.erb (Duration: 0.3ms | Allocations: 82)
  Rendered devise/registrations/new.html.erb within layouts/application (Duration: 3.8ms | Allocations: 1236)
  Rendered layout layouts/application.html.erb (Duration: 7.0ms | Allocations: 3536)
Completed 500 Internal Server Error in 10ms (ActiveRecord: 0.0ms | Allocations: 4327)


  
ActionView::Template::Error (The asset "application.css" is not present in the asset pipeline.
):
     6:     <%= csrf_meta_tags %>
     7:     <%= csp_meta_tag %>
     8: 
     9:     <%= stylesheet_link_tag "application", "data-turbo-track": "reload" %>
    10:     <%= javascript_importmap_tags %>
    11:   </head>
    12: 
  
app/views/layouts/application.html.erb:9
Started GET "/users/sign_up" for ::1 at 2023-02-11 15:19:37 -0800
Processing by Devise::RegistrationsController#new as HTML
  Rendering layout layouts/application.html.erb
  Rendering devise/registrations/new.html.erb within layouts/application
  Rendered devise/shared/_error_messages.html.erb (Duration: 0.8ms | Allocations: 251)
  Rendered devise/shared/_links.html.erb (Duration: 1.1ms | Allocations: 553)
  Rendered devise/registrations/new.html.erb within layouts/application (Duration: 12.1ms | Allocations: 2690)
  Rendered layout layouts/application.html.erb (Duration: 17.0ms | Allocations: 5329)
Completed 500 Internal Server Error in 33ms (ActiveRecord: 0.0ms | Allocations: 7020)


  
ActionView::Template::Error (The asset "application.css" is not present in the asset pipeline.
):
     6:     <%= csrf_meta_tags %>
     7:     <%= csp_meta_tag %>
     8: 
     9:     <%= stylesheet_link_tag "application", "data-turbo-track": "reload" %>
    10:     <%= javascript_importmap_tags %>
    11:   </head>
    12: 
  
app/views/layouts/application.html.erb:9
Started GET "/users/sign_up" for ::1 at 2023-02-11 15:19:52 -0800
  [1m[36mActiveRecord::SchemaMigration Pluck (0.1ms)[0m  [1m[34mSELECT "schema_migrations"."version" FROM "schema_migrations" ORDER BY "schema_migrations"."version" ASC[0m
Processing by Devise::RegistrationsController#new as HTML
  Rendering layout layouts/application.html.erb
  Rendering devise/registrations/new.html.erb within layouts/application
  Rendered devise/shared/_error_messages.html.erb (Duration: 0.4ms | Allocations: 302)
  Rendered devise/shared/_links.html.erb (Duration: 0.6ms | Allocations: 792)
  Rendered devise/registrations/new.html.erb within layouts/application (Duration: 6.7ms | Allocations: 6774)
  Rendered layout layouts/application.html.erb (Duration: 9.1ms | Allocations: 10289)
Completed 500 Internal Server Error in 21ms (ActiveRecord: 0.2ms | Allocations: 34970)


  
ActionView::Template::Error (The asset "application.css" is not present in the asset pipeline.
):
     6:     <%= csrf_meta_tags %>
     7:     <%= csp_meta_tag %>
     8: 
     9:     <%= stylesheet_link_tag "application", "data-turbo-track": "reload" %>
    10:     <%= javascript_importmap_tags %>
    11:   </head>
    12: 
  
app/views/layouts/application.html.erb:9
  [1m[36mActiveRecord::SchemaMigration Pluck (0.0ms)[0m  [1m[34mSELECT "schema_migrations"."version" FROM "schema_migrations" ORDER BY "schema_migrations"."version" ASC[0m
  [1m[36mActiveRecord::InternalMetadata Load (0.1ms)[0m  [1m[34mSELECT "ar_internal_metadata".* FROM "ar_internal_metadata" WHERE "ar_internal_metadata"."key" = ? LIMIT ?[0m  [["key", "environment"], ["LIMIT", 1]]
  [1m[36mActiveRecord::SchemaMigration Pluck (0.0ms)[0m  [1m[34mSELECT "schema_migrations"."version" FROM "schema_migrations" ORDER BY "schema_migrations"."version" ASC[0m
Started GET "/users/sign_up" for ::1 at 2023-02-11 15:20:14 -0800
  [1m[36mActiveRecord::SchemaMigration Pluck (0.0ms)[0m  [1m[34mSELECT "schema_migrations"."version" FROM "schema_migrations" ORDER BY "schema_migrations"."version" ASC[0m
Processing by Devise::RegistrationsController#new as HTML
  Rendering layout layouts/application.html.erb
  Rendering devise/registrations/new.html.erb within layouts/application
  Rendered devise/shared/_error_messages.html.erb (Duration: 0.3ms | Allocations: 302)
  Rendered devise/shared/_links.html.erb (Duration: 0.6ms | Allocations: 792)
  Rendered devise/registrations/new.html.erb within layouts/application (Duration: 6.5ms | Allocations: 6774)
  Rendered layout layouts/application.html.erb (Duration: 10.6ms | Allocations: 10289)
Completed 500 Internal Server Error in 23ms (ActiveRecord: 0.2ms | Allocations: 34969)


  
ActionView::Template::Error (The asset "application.css" is not present in the asset pipeline.
):
     6:     <%= csrf_meta_tags %>
     7:     <%= csp_meta_tag %>
     8: 
     9:     <%= stylesheet_link_tag "application", "data-turbo-track": "reload" %>
    10:     <%= javascript_importmap_tags %>
    11:   </head>
    12: 
  
app/views/layouts/application.html.erb:9
Started GET "/users/sign_up" for ::1 at 2023-02-11 15:20:15 -0800
Processing by Devise::RegistrationsController#new as HTML
  Rendering layout layouts/application.html.erb
  Rendering devise/registrations/new.html.erb within layouts/application
  Rendered devise/shared/_error_messages.html.erb (Duration: 0.0ms | Allocations: 15)
  Rendered devise/shared/_links.html.erb (Duration: 0.3ms | Allocations: 83)
  Rendered devise/registrations/new.html.erb within layouts/application (Duration: 3.6ms | Allocations: 1344)
  Rendered layout layouts/application.html.erb (Duration: 8.1ms | Allocations: 3701)
Completed 500 Internal Server Error in 11ms (ActiveRecord: 0.0ms | Allocations: 4610)


  
ActionView::Template::Error (The asset "application.css" is not present in the asset pipeline.
):
     6:     <%= csrf_meta_tags %>
     7:     <%= csp_meta_tag %>
     8: 
     9:     <%= stylesheet_link_tag "application", "data-turbo-track": "reload" %>
    10:     <%= javascript_importmap_tags %>
    11:   </head>
    12: 
  
app/views/layouts/application.html.erb:9
Started GET "/users/sign_up" for ::1 at 2023-02-11 15:21:08 -0800
Processing by Devise::RegistrationsController#new as HTML
  Rendering layout layouts/application.html.erb
  Rendering devise/registrations/new.html.erb within layouts/application
  Rendered devise/shared/_error_messages.html.erb (Duration: 1.1ms | Allocations: 251)
  Rendered devise/shared/_links.html.erb (Duration: 1.3ms | Allocations: 552)
  Rendered devise/registrations/new.html.erb within layouts/application (Duration: 8.5ms | Allocations: 2689)
  Rendered layout layouts/application.html.erb (Duration: 12.4ms | Allocations: 3073)
Completed 200 OK in 27ms (Views: 17.8ms | ActiveRecord: 0.0ms | Allocations: 4838)


  [1m[36mActiveRecord::SchemaMigration Pluck (0.1ms)[0m  [1m[34mSELECT "schema_migrations"."version" FROM "schema_migrations" ORDER BY "schema_migrations"."version" ASC[0m
Migrating to AddUsernameToUsers (20230212082354)
  [1m[36mTRANSACTION (0.0ms)[0m  [1m[36mbegin transaction[0m
  [1m[35m (0.6ms)[0m  [1m[35mALTER TABLE "users" ADD "username" varchar[0m
  [1m[36mActiveRecord::SchemaMigration Create (0.1ms)[0m  [1m[32mINSERT INTO "schema_migrations" ("version") VALUES (?)[0m  [["version", "20230212082354"]]
  [1m[36mTRANSACTION (0.3ms)[0m  [1m[36mcommit transaction[0m
  [1m[36mActiveRecord::InternalMetadata Load (0.2ms)[0m  [1m[34mSELECT "ar_internal_metadata".* FROM "ar_internal_metadata" WHERE "ar_internal_metadata"."key" = ? LIMIT ?[0m  [["key", "environment"], ["LIMIT", 1]]
  [1m[36mActiveRecord::SchemaMigration Pluck (0.0ms)[0m  [1m[34mSELECT "schema_migrations"."version" FROM "schema_migrations" ORDER BY "schema_migrations"."version" ASC[0m
